<?xml version="1.0" encoding="UTF-8"?>
<testsuite xmlns:xsi="http://www.w3.org/2001/XMLSchema-instance" xsi:noNamespaceSchemaLocation="https://maven.apache.org/surefire/maven-surefire-plugin/xsd/surefire-test-report-3.0.xsd" version="3.0" name="com.pro.hms.HospitalSystemManagmentApplicationTests" time="7.123" tests="1" errors="0" skipped="0" failures="0">
  <properties>
[...]
</properties>
  <testcase name="contextLoads" classname="com.pro.hms.HospitalSystemManagmentApplicationTests" time="0.559">
    <system-out><![CDATA[10:34:30.800 [main] INFO org.springframework.test.context.support.AnnotationConfigContextLoaderUtils -- Could not detect default configuration classes for test class [com.pro.hms.HospitalSystemManagmentApplicationTests]: HospitalSystemManagmentApplicationTests does not declare any static, non-private, non-final, nested classes annotated with @Configuration.
10:34:30.937 [main] INFO org.springframework.boot.test.context.SpringBootTestContextBootstrapper -- Found @SpringBootConfiguration com.pro.hms.HospitalSystemManagmentApplication for test class com.pro.hms.HospitalSystemManagmentApplicationTests

  .   ____          _            __ _ _
 /\\ / ___'_ __ _ _(_)_ __  __ _ \ \ \ \
( ( )\___ | '_ | '_| | '_ \/ _` | \ \ \ \
 \\/  ___)| |_)| | | | | || (_| |  ) ) ) )
  '  |____| .__|_| |_|_| |_\__, | / / / /
 =========|_|==============|___/=/_/_/_/
 :: Spring Boot ::                (v3.1.2)

2023-10-28T10:34:31.505+05:30  INFO 12892 --- [           main] .HospitalSystemManagmentApplicationTests : Starting HospitalSystemManagmentApplicationTests using Java 21.0.1 with PID 12892 (started by H P in C:\Users\H P\MAJOR_PROJECT\HOSPITALMANAGMENTSYSTEM)
2023-10-28T10:34:31.506+05:30  INFO 12892 --- [           main] .HospitalSystemManagmentApplicationTests : No active profile set, falling back to 1 default profile: "default"
2023-10-28T10:34:32.279+05:30  INFO 12892 --- [           main] .s.d.r.c.RepositoryConfigurationDelegate : Bootstrapping Spring Data JPA repositories in DEFAULT mode.
2023-10-28T10:34:32.390+05:30  INFO 12892 --- [           main] .s.d.r.c.RepositoryConfigurationDelegate : Finished Spring Data repository scanning in 102 ms. Found 7 JPA repository interfaces.
2023-10-28T10:34:33.077+05:30  INFO 12892 --- [           main] o.hibernate.jpa.internal.util.LogHelper  : HHH000204: Processing PersistenceUnitInfo [name: default]
2023-10-28T10:34:33.137+05:30  INFO 12892 --- [           main] org.hibernate.Version                    : HHH000412: Hibernate ORM core version 6.2.6.Final
2023-10-28T10:34:33.139+05:30  INFO 12892 --- [           main] org.hibernate.cfg.Environment            : HHH000406: Using bytecode reflection optimizer
2023-10-28T10:34:33.327+05:30  INFO 12892 --- [           main] o.h.b.i.BytecodeProviderInitiator        : HHH000021: Bytecode provider name : bytebuddy
2023-10-28T10:34:33.496+05:30  INFO 12892 --- [           main] o.s.o.j.p.SpringPersistenceUnitInfo      : No LoadTimeWeaver setup: ignoring JPA class transformer
2023-10-28T10:34:33.513+05:30  INFO 12892 --- [           main] com.zaxxer.hikari.HikariDataSource       : HikariPool-1 - Starting...
2023-10-28T10:34:33.813+05:30  INFO 12892 --- [           main] com.zaxxer.hikari.pool.HikariPool        : HikariPool-1 - Added connection org.postgresql.jdbc.PgConnection@2ee92e7d
2023-10-28T10:34:33.814+05:30  INFO 12892 --- [           main] com.zaxxer.hikari.HikariDataSource       : HikariPool-1 - Start completed.
2023-10-28T10:34:34.280+05:30  INFO 12892 --- [           main] o.h.b.i.BytecodeProviderInitiator        : HHH000021: Bytecode provider name : bytebuddy
2023-10-28T10:34:35.146+05:30  INFO 12892 --- [           main] o.h.e.t.j.p.i.JtaPlatformInitiator       : HHH000490: Using JtaPlatform implementation: [org.hibernate.engine.transaction.jta.platform.internal.NoJtaPlatform]
2023-10-28T10:34:35.206+05:30 DEBUG 12892 --- [           main] org.hibernate.SQL                        : alter table if exists appointment alter column time set data type time(6)
2023-10-28T10:34:35.213+05:30 DEBUG 12892 --- [           main] org.hibernate.SQL                        : alter table if exists appointment alter column disease set data type bytea
2023-10-28T10:34:35.214+05:30 DEBUG 12892 --- [           main] org.hibernate.SQL                        : alter table if exists appointment alter column prescription set data type bytea
2023-10-28T10:34:35.215+05:30 DEBUG 12892 --- [           main] org.hibernate.SQL                        : alter table if exists appointment add column tests bigint array
2023-10-28T10:34:35.218+05:30 DEBUG 12892 --- [           main] org.hibernate.SQL                        : alter table if exists appointment add column tests_list varchar(255)
2023-10-28T10:34:35.222+05:30 DEBUG 12892 --- [           main] org.hibernate.SQL                        : create table lab_technician (id bigint not null, date date, email varchar(255), experience integer, gender varchar(255), name varchar(255), password varchar(255), phone varchar(255), profile_photo varchar(255), testing_department varchar(255), primary key (id))
2023-10-28T10:34:35.246+05:30 DEBUG 12892 --- [           main] org.hibernate.SQL                        : create table test (id bigint not null, app_id bigint, doc_id bigint, doctor_name varchar(255), name varchar(255), pat_id bigint, patient_name varchar(255), status varchar(255), test_date date, testing_department varchar(255), primary key (id))
2023-10-28T10:34:35.285+05:30 DEBUG 12892 --- [           main] org.hibernate.SQL                        : create sequence lab_technician_seq start with 1 increment by 50
2023-10-28T10:34:35.290+05:30 DEBUG 12892 --- [           main] org.hibernate.SQL                        : create sequence test_seq start with 1 increment by 50
2023-10-28T10:34:35.297+05:30  INFO 12892 --- [           main] j.LocalContainerEntityManagerFactoryBean : Initialized JPA EntityManagerFactory for persistence unit 'default'
2023-10-28T10:34:35.719+05:30  INFO 12892 --- [           main] o.s.d.j.r.query.QueryEnhancerFactory     : Hibernate is in classpath; If applicable, HQL parser will be used.
2023-10-28T10:34:36.667+05:30  WARN 12892 --- [           main] JpaBaseConfiguration$JpaWebConfiguration : spring.jpa.open-in-view is enabled by default. Therefore, database queries may be performed during view rendering. Explicitly configure spring.jpa.open-in-view to disable this warning
2023-10-28T10:34:37.127+05:30  INFO 12892 --- [           main] .HospitalSystemManagmentApplicationTests : Started HospitalSystemManagmentApplicationTests in 6.005 seconds (process running for 7.231)
]]></system-out>
    <system-err><![CDATA[WARNING: A Java agent has been loaded dynamically (C:\Users\H P\.m2\repository\net\bytebuddy\byte-buddy-agent\1.14.5\byte-buddy-agent-1.14.5.jar)
WARNING: If a serviceability tool is in use, please run with -XX:+EnableDynamicAgentLoading to hide this warning
WARNING: If a serviceability tool is not in use, please run with -Djdk.instrument.traceUsage for more information
WARNING: Dynamic loading of agents will be disallowed by default in a future release
]]></system-err>
  </testcase>
</testsuite>